<?xml version="1.0" encoding="UTF-8"?>
<Site BuildName="(empty)"
	BuildStamp="20240826-0913-Experimental"
	Name="keisoku-XL7C-R36H"
	Generator="ctest-3.22.1"
	CompilerName="/usr/bin/c++"
	CompilerVersion="11.4.0"
	OSName="Linux"
	Hostname="keisoku-XL7C-R36H"
	OSRelease="6.5.0-45-generic"
	OSVersion="#45~22.04.1-Ubuntu SMP PREEMPT_DYNAMIC Mon Jul 15 16:40:02 UTC 2"
	OSPlatform="x86_64"
	Is64Bits="1"
	VendorString="GenuineIntel"
	VendorID="Intel Corporation"
	FamilyID="6"
	ModelID="154"
	ProcessorCacheSize="24576"
	NumberOfLogicalCPU="20"
	NumberOfPhysicalCPU="14"
	TotalVirtualMemory="2047"
	TotalPhysicalMemory="15722"
	LogicalProcessorsPerPhysical="1"
	ProcessorClockFrequency="4100"
	>
	<Testing>
		<StartDateTime>Aug 26 18:13 JST</StartDateTime>
		<StartTestTime>1724663633</StartTestTime>
		<TestList/>
		<EndDateTime>Aug 26 18:13 JST</EndDateTime>
		<EndTestTime>1724663633</EndTestTime>
		<ElapsedMinutes>0</ElapsedMinutes>
	</Testing>
</Site>
